#
# There is insufficient memory for the Java Runtime Environment to continue.
# Native memory allocation (malloc) failed to allocate 1048576 bytes for AllocateHeap
# Possible reasons:
#   The system is out of physical RAM or swap space
#   The process is running with CompressedOops enabled, and the Java Heap may be blocking the growth of the native heap
# Possible solutions:
#   Reduce memory load on the system
#   Increase physical memory or swap space
#   Check if swap backing store is full
#   Decrease Java heap size (-Xmx/-Xms)
#   Decrease number of Java threads
#   Decrease Java thread stack sizes (-Xss)
#   Set larger code cache with -XX:ReservedCodeCacheSize=
#   JVM is running with Unscaled Compressed Oops mode in which the Java heap is
#     placed in the first 4GB address space. The Java Heap base address is the
#     maximum limit for the native heap growth. Please use -XX:HeapBaseMinAddress
#     to set the Java Heap base and to place the Java Heap above 4GB virtual address.
# This output file may be truncated or incomplete.
#
#  Out of Memory Error (allocation.cpp:44), pid=23604, tid=25456
#
# JRE version: Java(TM) SE Runtime Environment (21.0.7+8) (build 21.0.7+8-LTS-245)
# Java VM: Java HotSpot(TM) 64-Bit Server VM (21.0.7+8-LTS-245, mixed mode, emulated-client, sharing, tiered, compressed oops, compressed class ptrs, g1 gc, windows-amd64)
# No core dump will be written. Minidumps are not enabled by default on client versions of Windows
#

---------------  S U M M A R Y ------------

Command Line: -XX:TieredStopAtLevel=1 com.example.project.ProjectApplication

Host: AMD Ryzen 5 7530U with Radeon Graphics         , 12 cores, 5G,  Windows 11 , 64 bit Build 26100 (10.0.26100.3775)
Time: Tue May 13 16:22:04 2025 SE Asia Standard Time elapsed time: 5346.001380 seconds (0d 1h 29m 6s)

---------------  T H R E A D  ---------------

Current thread (0x000001dcb1925250):  VMThread "VM Thread"          [id=25456, stack(0x0000005dd3200000,0x0000005dd3300000) (1024K)]

Stack: [0x0000005dd3200000,0x0000005dd3300000]
Native frames: (J=compiled Java code, j=interpreted, Vv=VM code, C=native code)
V  [jvm.dll+0x6cae19]
V  [jvm.dll+0x855741]
V  [jvm.dll+0x857c6e]
V  [jvm.dll+0x858343]
V  [jvm.dll+0x27e0b6]
V  [jvm.dll+0xbfa77]
V  [jvm.dll+0x344842]
V  [jvm.dll+0x33f26e]
V  [jvm.dll+0x327cd8]
V  [jvm.dll+0x36abd4]
V  [jvm.dll+0x85e110]
V  [jvm.dll+0x85f494]
V  [jvm.dll+0x85f9d0]
V  [jvm.dll+0x85fc73]
V  [jvm.dll+0x7ffa1b]
V  [jvm.dll+0x6c94fd]
C  [ucrtbase.dll+0x37b0]
C  [KERNEL32.DLL+0x2e8d7]
C  [ntdll.dll+0xb14fc]

VM_Operation (0x0000005dd28ff260): G1CollectFull, mode: safepoint, requested by thread 0x000001dcfa20e8d0


---------------  P R O C E S S  ---------------

Threads class SMR info:
_java_thread_list=0x000001dcf77c6960, length=27, elements={
0x000001dcb193a750, 0x000001dcb193d0d0, 0x000001dcb1944d30, 0x000001dcb1945990,
0x000001dcb1947a30, 0x000001dcb194c020, 0x000001dcb1958700, 0x000001dcb1bac5c0,
0x000001dcb1bb7450, 0x000001dcf8c3c7f0, 0x000001dcf8fc9110, 0x000001dcfa20ce90,
0x000001dcfa20b450, 0x000001dcfa208cf0, 0x000001dcfa208660, 0x000001dcfa209380,
0x000001dcf72a7db0, 0x000001dcfa20c800, 0x000001dcf72a6370, 0x000001dcfa20bae0,
0x000001dcf72a7720, 0x000001dcfa20a730, 0x000001dcf8fc9e30, 0x000001dcf8fc97a0,
0x000001dcf72a9160, 0x000001dcfa20adc0, 0x000001dcfa20e8d0
}

Java Threads: ( => current thread )
  0x000001dcb193a750 JavaThread "Reference Handler"          daemon [_thread_blocked, id=12704, stack(0x0000005dd3300000,0x0000005dd3400000) (1024K)]
  0x000001dcb193d0d0 JavaThread "Finalizer"                  daemon [_thread_blocked, id=7548, stack(0x0000005dd3400000,0x0000005dd3500000) (1024K)]
  0x000001dcb1944d30 JavaThread "Signal Dispatcher"          daemon [_thread_blocked, id=5600, stack(0x0000005dd3500000,0x0000005dd3600000) (1024K)]
  0x000001dcb1945990 JavaThread "Attach Listener"            daemon [_thread_blocked, id=26532, stack(0x0000005dd3600000,0x0000005dd3700000) (1024K)]
  0x000001dcb1947a30 JavaThread "Service Thread"             daemon [_thread_blocked, id=13476, stack(0x0000005dd3700000,0x0000005dd3800000) (1024K)]
  0x000001dcb194c020 JavaThread "Monitor Deflation Thread"   daemon [_thread_blocked, id=19580, stack(0x0000005dd3800000,0x0000005dd3900000) (1024K)]
  0x000001dcb1958700 JavaThread "C1 CompilerThread0"         daemon [_thread_blocked, id=10308, stack(0x0000005dd3900000,0x0000005dd3a00000) (1024K)]
  0x000001dcb1bac5c0 JavaThread "Notification Thread"        daemon [_thread_blocked, id=2872, stack(0x0000005dd3b00000,0x0000005dd3c00000) (1024K)]
  0x000001dcb1bb7450 JavaThread "Common-Cleaner"             daemon [_thread_blocked, id=1396, stack(0x0000005dd3c00000,0x0000005dd3d00000) (1024K)]
  0x000001dcf8c3c7f0 JavaThread "mysql-cj-abandoned-connection-cleanup" daemon [_thread_blocked, id=16784, stack(0x0000005dd4f00000,0x0000005dd5000000) (1024K)]
  0x000001dcf8fc9110 JavaThread "Live Reload Server"         daemon [_thread_in_native, id=19436, stack(0x0000005dd5600000,0x0000005dd5700000) (1024K)]
  0x000001dcfa20ce90 JavaThread "DestroyJavaVM"                     [_thread_blocked, id=24756, stack(0x0000005dd2b00000,0x0000005dd2c00000) (1024K)]
  0x000001dcfa20b450 JavaThread "parallel-1"                 daemon [_thread_blocked, id=26596, stack(0x0000005dd2900000,0x0000005dd2a00000) (1024K)]
  0x000001dcfa208cf0 JavaThread "parallel-2"                 daemon [_thread_blocked, id=24080, stack(0x0000005dd2a00000,0x0000005dd2b00000) (1024K)]
  0x000001dcfa208660 JavaThread "parallel-3"                 daemon [_thread_blocked, id=13936, stack(0x0000005dd3e00000,0x0000005dd3f00000) (1024K)]
  0x000001dcfa209380 JavaThread "parallel-4"                 daemon [_thread_blocked, id=23564, stack(0x0000005dd3f00000,0x0000005dd4000000) (1024K)]
  0x000001dcf72a7db0 JavaThread "parallel-5"                 daemon [_thread_blocked, id=19524, stack(0x0000005dd3a00000,0x0000005dd3b00000) (1024K)]
  0x000001dcfa20c800 JavaThread "parallel-6"                 daemon [_thread_blocked, id=16712, stack(0x0000005dd4900000,0x0000005dd4a00000) (1024K)]
  0x000001dcf72a6370 JavaThread "parallel-7"                 daemon [_thread_blocked, id=10752, stack(0x0000005dd3d00000,0x0000005dd3e00000) (1024K)]
  0x000001dcfa20bae0 JavaThread "parallel-8"                 daemon [_thread_blocked, id=9896, stack(0x0000005dd4d00000,0x0000005dd4e00000) (1024K)]
  0x000001dcf72a7720 JavaThread "parallel-9"                 daemon [_thread_blocked, id=22740, stack(0x0000005dd5500000,0x0000005dd5600000) (1024K)]
  0x000001dcfa20a730 JavaThread "parallel-10"                daemon [_thread_blocked, id=22464, stack(0x0000005dd5400000,0x0000005dd5500000) (1024K)]
  0x000001dcf8fc9e30 JavaThread "parallel-11"                daemon [_thread_blocked, id=8836, stack(0x0000005dd4c00000,0x0000005dd4d00000) (1024K)]
  0x000001dcf8fc97a0 JavaThread "parallel-12"                daemon [_thread_blocked, id=10024, stack(0x0000005dd5000000,0x0000005dd5100000) (1024K)]
  0x000001dcf72a9160 JavaThread "spring-session-1"                  [_thread_blocked, id=24744, stack(0x0000005dd5d00000,0x0000005dd5e00000) (1024K)]
  0x000001dcfa20adc0 JavaThread "http-nio-8080-Acceptor"     daemon [_thread_blocked, id=6788, stack(0x0000005dd6a00000,0x0000005dd6b00000) (1024K)]
  0x000001dcfa20e8d0 JavaThread "Thread-75"                         [_thread_blocked, id=12516, stack(0x0000005dd2800000,0x0000005dd2900000) (1024K)]
Total: 27

Other Threads:
=>0x000001dcb1925250 VMThread "VM Thread"                           [id=25456, stack(0x0000005dd3200000,0x0000005dd3300000) (1024K)]
  0x000001dcb1910070 WatcherThread "VM Periodic Task Thread"        [id=25988, stack(0x0000005dd3100000,0x0000005dd3200000) (1024K)]
  0x000001dca1838450 WorkerThread "GC Thread#0"                     [id=23196, stack(0x0000005dd2c00000,0x0000005dd2d00000) (1024K)]
  0x000001dcf729bfa0 WorkerThread "GC Thread#1"                     [id=23588, stack(0x0000005dd4000000,0x0000005dd4100000) (1024K)]
  0x000001dcf729c340 WorkerThread "GC Thread#2"                     [id=13372, stack(0x0000005dd4100000,0x0000005dd4200000) (1024K)]
  0x000001dcf729c6e0 WorkerThread "GC Thread#3"                     [id=13264, stack(0x0000005dd4200000,0x0000005dd4300000) (1024K)]
  0x000001dcf732d840 WorkerThread "GC Thread#4"                     [id=26156, stack(0x0000005dd4300000,0x0000005dd4400000) (1024K)]
  0x000001dcf732dbe0 WorkerThread "GC Thread#5"                     [id=23004, stack(0x0000005dd4400000,0x0000005dd4500000) (1024K)]
  0x000001dcf78c2d40 WorkerThread "GC Thread#6"                     [id=25804, stack(0x0000005dd4600000,0x0000005dd4700000) (1024K)]
  0x000001dcf7985300 WorkerThread "GC Thread#7"                     [id=7712, stack(0x0000005dd4700000,0x0000005dd4800000) (1024K)]
  0x000001dcf7be85b0 WorkerThread "GC Thread#8"                     [id=6672, stack(0x0000005dd4500000,0x0000005dd4600000) (1024K)]
  0x000001dcf7be8210 WorkerThread "GC Thread#9"                     [id=22924, stack(0x0000005dd4800000,0x0000005dd4900000) (1024K)]
  0x000001dca1847610 ConcurrentGCThread "G1 Main Marker"            [id=24324, stack(0x0000005dd2d00000,0x0000005dd2e00000) (1024K)]
  0x000001dca18488b0 WorkerThread "G1 Conc#0"                       [id=26432, stack(0x0000005dd2e00000,0x0000005dd2f00000) (1024K)]
  0x000001dcf7be8cf0 WorkerThread "G1 Conc#1"                       [id=26344, stack(0x0000005dd4a00000,0x0000005dd4b00000) (1024K)]
  0x000001dcf7be8950 WorkerThread "G1 Conc#2"                       [id=1536, stack(0x0000005dd4b00000,0x0000005dd4c00000) (1024K)]
  0x000001dca189ea00 ConcurrentGCThread "G1 Refine#0"               [id=14776, stack(0x0000005dd2f00000,0x0000005dd3000000) (1024K)]
  0x000001dcb17ddf40 ConcurrentGCThread "G1 Service"                [id=18336, stack(0x0000005dd3000000,0x0000005dd3100000) (1024K)]
Total: 18

Threads with active compile tasks:
Total: 0

VM state: at safepoint (normal execution)

VM Mutex/Monitor currently owned by a thread:  ([mutex/lock_event])
[0x00007ffad70cde50] Threads_lock - owner thread: 0x000001dcb1925250
[0x00007ffad70cdf50] Heap_lock - owner thread: 0x000001dcfa20e8d0

OutOfMemory and StackOverflow Exception counts:
StackOverflowErrors=1
LinkageErrors=261

Heap address: 0x00000000a2600000, size: 1498 MB, Compressed Oops mode: 32-bit

CDS archive(s) mapped at: [0x000001dcb2000000-0x000001dcb2c90000-0x000001dcb2c90000), size 13172736, SharedBaseAddress: 0x000001dcb2000000, ArchiveRelocationMode: 1.
Compressed class space mapped at: 0x000001dcb3000000-0x000001dcf3000000, reserved size: 1073741824
Narrow klass base: 0x000001dcb2000000, Narrow klass shift: 0, Narrow klass range: 0x100000000

GC Precious Log:
 CardTable entry size: 512
 Card Set container configuration: InlinePtr #cards 5 size 8 Array Of Cards #cards 12 size 40 Howl #buckets 4 coarsen threshold 1843 Howl Bitmap #cards 512 size 80 coarsen threshold 460 Card regions per heap region 1 cards per card region 2048
 CPUs: 12 total, 12 available
 Memory: 5985M
 Large Page Support: Disabled
 NUMA Support: Disabled
 Compressed Oops: Enabled (32-bit)
 Heap Region Size: 1M
 Heap Min Capacity: 8M
 Heap Initial Capacity: 94M
 Heap Max Capacity: 1498M
 Pre-touch: Disabled
 Parallel Workers: 10
 Concurrent Workers: 3
 Concurrent Refinement Workers: 10
 Periodic GC: Disabled

Heap:
 garbage-first heap   total 109568K, used 70745K [0x00000000a2600000, 0x0000000100000000)
  region size 1024K, 35 young (35840K), 1 survivors (1024K)
 Metaspace       used 84822K, committed 86080K, reserved 1179648K
  class space    used 11582K, committed 12160K, reserved 1048576K

Heap Regions: E=young(eden), S=young(survivor), O=old, HS=humongous(starts), HC=humongous(continues), CS=collection set, F=free, TAMS=top-at-mark-start, PB=parsable bottom
|   0|0x00000000a2600000, 0x00000000a2700000, 0x00000000a2700000|100%|HS|  |TAMS 0x00000000a2600000| PB 0x00000000a2600000| Complete 
|   1|0x00000000a2700000, 0x00000000a2800000, 0x00000000a2800000|100%|HS|  |TAMS 0x00000000a2700000| PB 0x00000000a2700000| Complete 
|   2|0x00000000a2800000, 0x00000000a2900000, 0x00000000a2900000|100%| O|  |TAMS 0x00000000a2800000| PB 0x00000000a2800000| Untracked 
|   3|0x00000000a2900000, 0x00000000a2a00000, 0x00000000a2a00000|100%| O|  |TAMS 0x00000000a2900000| PB 0x00000000a2900000| Untracked 
|   4|0x00000000a2a00000, 0x00000000a2b00000, 0x00000000a2b00000|100%| O|  |TAMS 0x00000000a2a00000| PB 0x00000000a2a00000| Untracked 
|   5|0x00000000a2b00000, 0x00000000a2bffff8, 0x00000000a2c00000| 99%| O|  |TAMS 0x00000000a2b00000| PB 0x00000000a2b00000| Untracked 
|   6|0x00000000a2c00000, 0x00000000a2cffea0, 0x00000000a2d00000| 99%| O|  |TAMS 0x00000000a2c00000| PB 0x00000000a2c00000| Untracked 
|   7|0x00000000a2d00000, 0x00000000a2dffff8, 0x00000000a2e00000| 99%| O|  |TAMS 0x00000000a2d00000| PB 0x00000000a2d00000| Untracked 
|   8|0x00000000a2e00000, 0x00000000a2f00000, 0x00000000a2f00000|100%| O|  |TAMS 0x00000000a2e00000| PB 0x00000000a2e00000| Untracked 
|   9|0x00000000a2f00000, 0x00000000a2ffffe8, 0x00000000a3000000| 99%| O|  |TAMS 0x00000000a2f00000| PB 0x00000000a2f00000| Untracked 
|  10|0x00000000a3000000, 0x00000000a30ffff0, 0x00000000a3100000| 99%| O|  |TAMS 0x00000000a3000000| PB 0x00000000a3000000| Untracked 
|  11|0x00000000a3100000, 0x00000000a3200000, 0x00000000a3200000|100%| O|  |TAMS 0x00000000a3100000| PB 0x00000000a3100000| Untracked 
|  12|0x00000000a3200000, 0x00000000a32fffc0, 0x00000000a3300000| 99%| O|  |TAMS 0x00000000a3200000| PB 0x00000000a3200000| Untracked 
|  13|0x00000000a3300000, 0x00000000a33fffb0, 0x00000000a3400000| 99%| O|  |TAMS 0x00000000a3300000| PB 0x00000000a3300000| Untracked 
|  14|0x00000000a3400000, 0x00000000a3500000, 0x00000000a3500000|100%| O|  |TAMS 0x00000000a3400000| PB 0x00000000a3400000| Untracked 
|  15|0x00000000a3500000, 0x00000000a35fffa8, 0x00000000a3600000| 99%| O|  |TAMS 0x00000000a3500000| PB 0x00000000a3500000| Untracked 
|  16|0x00000000a3600000, 0x00000000a36fffe0, 0x00000000a3700000| 99%| O|  |TAMS 0x00000000a3600000| PB 0x00000000a3600000| Untracked 
|  17|0x00000000a3700000, 0x00000000a3800000, 0x00000000a3800000|100%| O|  |TAMS 0x00000000a3700000| PB 0x00000000a3700000| Untracked 
|  18|0x00000000a3800000, 0x00000000a38ffff8, 0x00000000a3900000| 99%| O|  |TAMS 0x00000000a3800000| PB 0x00000000a3800000| Untracked 
|  19|0x00000000a3900000, 0x00000000a39fffe8, 0x00000000a3a00000| 99%| O|  |TAMS 0x00000000a3900000| PB 0x00000000a3900000| Untracked 
|  20|0x00000000a3a00000, 0x00000000a3b00000, 0x00000000a3b00000|100%| O|  |TAMS 0x00000000a3a00000| PB 0x00000000a3a00000| Untracked 
|  21|0x00000000a3b00000, 0x00000000a3be4558, 0x00000000a3c00000| 89%| O|  |TAMS 0x00000000a3b00000| PB 0x00000000a3b00000| Untracked 
|  22|0x00000000a3c00000, 0x00000000a3cffff0, 0x00000000a3d00000| 99%| O|  |TAMS 0x00000000a3c00000| PB 0x00000000a3c00000| Untracked 
|  23|0x00000000a3d00000, 0x00000000a3d9bf08, 0x00000000a3e00000| 60%| O|  |TAMS 0x00000000a3d00000| PB 0x00000000a3d00000| Untracked 
|  24|0x00000000a3e00000, 0x00000000a3efffe8, 0x00000000a3f00000| 99%| O|  |TAMS 0x00000000a3e00000| PB 0x00000000a3e00000| Untracked 
|  25|0x00000000a3f00000, 0x00000000a3fffff8, 0x00000000a4000000| 99%| O|  |TAMS 0x00000000a3f00000| PB 0x00000000a3f00000| Untracked 
|  26|0x00000000a4000000, 0x00000000a4000000, 0x00000000a4100000|  0%| F|  |TAMS 0x00000000a4000000| PB 0x00000000a4000000| Untracked 
|  27|0x00000000a4100000, 0x00000000a4100000, 0x00000000a4200000|  0%| F|  |TAMS 0x00000000a4100000| PB 0x00000000a4100000| Untracked 
|  28|0x00000000a4200000, 0x00000000a4300000, 0x00000000a4300000|100%| O|  |TAMS 0x00000000a4200000| PB 0x00000000a4200000| Untracked 
|  29|0x00000000a4300000, 0x00000000a4400000, 0x00000000a4400000|100%| O|  |TAMS 0x00000000a4300000| PB 0x00000000a4300000| Untracked 
|  30|0x00000000a4400000, 0x00000000a4400000, 0x00000000a4500000|  0%| F|  |TAMS 0x00000000a4400000| PB 0x00000000a4400000| Untracked 
|  31|0x00000000a4500000, 0x00000000a4521b10, 0x00000000a4600000| 13%| O|  |TAMS 0x00000000a4500000| PB 0x00000000a4500000| Untracked 
|  32|0x00000000a4600000, 0x00000000a4600000, 0x00000000a4700000|  0%| F|  |TAMS 0x00000000a4600000| PB 0x00000000a4600000| Untracked 
|  33|0x00000000a4700000, 0x00000000a4700000, 0x00000000a4800000|  0%| F|  |TAMS 0x00000000a4700000| PB 0x00000000a4700000| Untracked 
|  34|0x00000000a4800000, 0x00000000a4900000, 0x00000000a4900000|100%| O|  |TAMS 0x00000000a4800000| PB 0x00000000a4800000| Untracked 
|  35|0x00000000a4900000, 0x00000000a4a00000, 0x00000000a4a00000|100%| O|  |TAMS 0x00000000a4900000| PB 0x00000000a4900000| Untracked 
|  36|0x00000000a4a00000, 0x00000000a4b00000, 0x00000000a4b00000|100%| O|  |TAMS 0x00000000a4a00000| PB 0x00000000a4a00000| Untracked 
|  37|0x00000000a4b00000, 0x00000000a4c00000, 0x00000000a4c00000|100%| O|  |TAMS 0x00000000a4b00000| PB 0x00000000a4b00000| Untracked 
|  38|0x00000000a4c00000, 0x00000000a4d00000, 0x00000000a4d00000|100%| O|Cm|TAMS 0x00000000a4c00000| PB 0x00000000a4c00000| Complete 
|  39|0x00000000a4d00000, 0x00000000a4e00000, 0x00000000a4e00000|100%| O|Cm|TAMS 0x00000000a4d00000| PB 0x00000000a4d00000| Complete 
|  40|0x00000000a4e00000, 0x00000000a4e00000, 0x00000000a4f00000|  0%| F|  |TAMS 0x00000000a4e00000| PB 0x00000000a4e00000| Untracked 
|  41|0x00000000a4f00000, 0x00000000a5000000, 0x00000000a5000000|100%| O|  |TAMS 0x00000000a4f00000| PB 0x00000000a4f00000| Untracked 
|  42|0x00000000a5000000, 0x00000000a5074b00, 0x00000000a5100000| 45%| S|CS|TAMS 0x00000000a5000000| PB 0x00000000a5000000| Complete 
|  43|0x00000000a5100000, 0x00000000a5200000, 0x00000000a5200000|100%| O|  |TAMS 0x00000000a5100000| PB 0x00000000a5100000| Untracked 
|  44|0x00000000a5200000, 0x00000000a5200000, 0x00000000a5300000|  0%| F|  |TAMS 0x00000000a5200000| PB 0x00000000a5200000| Untracked 
|  45|0x00000000a5300000, 0x00000000a5300000, 0x00000000a5400000|  0%| F|  |TAMS 0x00000000a5300000| PB 0x00000000a5300000| Untracked 
|  46|0x00000000a5400000, 0x00000000a5400000, 0x00000000a5500000|  0%| F|  |TAMS 0x00000000a5400000| PB 0x00000000a5400000| Untracked 
|  47|0x00000000a5500000, 0x00000000a5500000, 0x00000000a5600000|  0%| F|  |TAMS 0x00000000a5500000| PB 0x00000000a5500000| Untracked 
|  48|0x00000000a5600000, 0x00000000a5600000, 0x00000000a5700000|  0%| F|  |TAMS 0x00000000a5600000| PB 0x00000000a5600000| Untracked 
|  49|0x00000000a5700000, 0x00000000a5700000, 0x00000000a5800000|  0%| F|  |TAMS 0x00000000a5700000| PB 0x00000000a5700000| Untracked 
|  50|0x00000000a5800000, 0x00000000a5800000, 0x00000000a5900000|  0%| F|  |TAMS 0x00000000a5800000| PB 0x00000000a5800000| Untracked 
|  51|0x00000000a5900000, 0x00000000a5900000, 0x00000000a5a00000|  0%| F|  |TAMS 0x00000000a5900000| PB 0x00000000a5900000| Untracked 
|  52|0x00000000a5a00000, 0x00000000a5a00000, 0x00000000a5b00000|  0%| F|  |TAMS 0x00000000a5a00000| PB 0x00000000a5a00000| Untracked 
|  53|0x00000000a5b00000, 0x00000000a5b00000, 0x00000000a5c00000|  0%| F|  |TAMS 0x00000000a5b00000| PB 0x00000000a5b00000| Untracked 
|  54|0x00000000a5c00000, 0x00000000a5c00000, 0x00000000a5d00000|  0%| F|  |TAMS 0x00000000a5c00000| PB 0x00000000a5c00000| Untracked 
|  55|0x00000000a5d00000, 0x00000000a5d00000, 0x00000000a5e00000|  0%| F|  |TAMS 0x00000000a5d00000| PB 0x00000000a5d00000| Untracked 
|  56|0x00000000a5e00000, 0x00000000a5e00000, 0x00000000a5f00000|  0%| F|  |TAMS 0x00000000a5e00000| PB 0x00000000a5e00000| Untracked 
|  57|0x00000000a5f00000, 0x00000000a5f00000, 0x00000000a6000000|  0%| F|  |TAMS 0x00000000a5f00000| PB 0x00000000a5f00000| Untracked 
|  58|0x00000000a6000000, 0x00000000a6000000, 0x00000000a6100000|  0%| F|  |TAMS 0x00000000a6000000| PB 0x00000000a6000000| Untracked 
|  59|0x00000000a6100000, 0x00000000a6100000, 0x00000000a6200000|  0%| F|  |TAMS 0x00000000a6100000| PB 0x00000000a6100000| Untracked 
|  60|0x00000000a6200000, 0x00000000a6200000, 0x00000000a6300000|  0%| F|  |TAMS 0x00000000a6200000| PB 0x00000000a6200000| Untracked 
|  61|0x00000000a6300000, 0x00000000a6300000, 0x00000000a6400000|  0%| F|  |TAMS 0x00000000a6300000| PB 0x00000000a6300000| Untracked 
|  62|0x00000000a6400000, 0x00000000a6400000, 0x00000000a6500000|  0%| F|  |TAMS 0x00000000a6400000| PB 0x00000000a6400000| Untracked 
|  63|0x00000000a6500000, 0x00000000a6500000, 0x00000000a6600000|  0%| F|  |TAMS 0x00000000a6500000| PB 0x00000000a6500000| Untracked 
|  64|0x00000000a6600000, 0x00000000a6600000, 0x00000000a6700000|  0%| F|  |TAMS 0x00000000a6600000| PB 0x00000000a6600000| Untracked 
|  65|0x00000000a6700000, 0x00000000a6700000, 0x00000000a6800000|  0%| F|  |TAMS 0x00000000a6700000| PB 0x00000000a6700000| Untracked 
|  66|0x00000000a6800000, 0x00000000a6800000, 0x00000000a6900000|  0%| F|  |TAMS 0x00000000a6800000| PB 0x00000000a6800000| Untracked 
|  67|0x00000000a6900000, 0x00000000a6900000, 0x00000000a6a00000|  0%| F|  |TAMS 0x00000000a6900000| PB 0x00000000a6900000| Untracked 
|  68|0x00000000a6a00000, 0x00000000a6a00000, 0x00000000a6b00000|  0%| F|  |TAMS 0x00000000a6a00000| PB 0x00000000a6a00000| Untracked 
|  69|0x00000000a6b00000, 0x00000000a6b00000, 0x00000000a6c00000|  0%| F|  |TAMS 0x00000000a6b00000| PB 0x00000000a6b00000| Untracked 
|  70|0x00000000a6c00000, 0x00000000a6c00000, 0x00000000a6d00000|  0%| F|  |TAMS 0x00000000a6c00000| PB 0x00000000a6c00000| Untracked 
|  71|0x00000000a6d00000, 0x00000000a6d00000, 0x00000000a6e00000|  0%| F|  |TAMS 0x00000000a6d00000| PB 0x00000000a6d00000| Untracked 
|  72|0x00000000a6e00000, 0x00000000a6e00000, 0x00000000a6f00000|  0%| F|  |TAMS 0x00000000a6e00000| PB 0x00000000a6e00000| Untracked 
|  73|0x00000000a6f00000, 0x00000000a6fd7b80, 0x00000000a7000000| 84%| E|  |TAMS 0x00000000a6f00000| PB 0x00000000a6f00000| Complete 
|  74|0x00000000a7000000, 0x00000000a7100000, 0x00000000a7100000|100%| E|CS|TAMS 0x00000000a7000000| PB 0x00000000a7000000| Complete 
|  75|0x00000000a7100000, 0x00000000a7200000, 0x00000000a7200000|100%| E|CS|TAMS 0x00000000a7100000| PB 0x00000000a7100000| Complete 
|  76|0x00000000a7200000, 0x00000000a7300000, 0x00000000a7300000|100%| E|CS|TAMS 0x00000000a7200000| PB 0x00000000a7200000| Complete 
|  77|0x00000000a7300000, 0x00000000a7400000, 0x00000000a7400000|100%| E|CS|TAMS 0x00000000a7300000| PB 0x00000000a7300000| Complete 
|  78|0x00000000a7400000, 0x00000000a7500000, 0x00000000a7500000|100%| E|CS|TAMS 0x00000000a7400000| PB 0x00000000a7400000| Complete 
|  79|0x00000000a7500000, 0x00000000a7600000, 0x00000000a7600000|100%| E|CS|TAMS 0x00000000a7500000| PB 0x00000000a7500000| Complete 
|  80|0x00000000a7600000, 0x00000000a7700000, 0x00000000a7700000|100%| E|CS|TAMS 0x00000000a7600000| PB 0x00000000a7600000| Complete 
|  81|0x00000000a7700000, 0x00000000a7800000, 0x00000000a7800000|100%| E|CS|TAMS 0x00000000a7700000| PB 0x00000000a7700000| Complete 
|  82|0x00000000a7800000, 0x00000000a7900000, 0x00000000a7900000|100%| E|CS|TAMS 0x00000000a7800000| PB 0x00000000a7800000| Complete 
|  83|0x00000000a7900000, 0x00000000a7a00000, 0x00000000a7a00000|100%| E|CS|TAMS 0x00000000a7900000| PB 0x00000000a7900000| Complete 
|  84|0x00000000a7a00000, 0x00000000a7b00000, 0x00000000a7b00000|100%| E|CS|TAMS 0x00000000a7a00000| PB 0x00000000a7a00000| Complete 
|  85|0x00000000a7b00000, 0x00000000a7c00000, 0x00000000a7c00000|100%| E|CS|TAMS 0x00000000a7b00000| PB 0x00000000a7b00000| Complete 
|  86|0x00000000a7c00000, 0x00000000a7d00000, 0x00000000a7d00000|100%| E|CS|TAMS 0x00000000a7c00000| PB 0x00000000a7c00000| Complete 
|  87|0x00000000a7d00000, 0x00000000a7e00000, 0x00000000a7e00000|100%| E|CS|TAMS 0x00000000a7d00000| PB 0x00000000a7d00000| Complete 
|  88|0x00000000a7e00000, 0x00000000a7f00000, 0x00000000a7f00000|100%| E|CS|TAMS 0x00000000a7e00000| PB 0x00000000a7e00000| Complete 
|  89|0x00000000a7f00000, 0x00000000a8000000, 0x00000000a8000000|100%| E|CS|TAMS 0x00000000a7f00000| PB 0x00000000a7f00000| Complete 
|  90|0x00000000a8000000, 0x00000000a8100000, 0x00000000a8100000|100%| E|CS|TAMS 0x00000000a8000000| PB 0x00000000a8000000| Complete 
|  91|0x00000000a8100000, 0x00000000a8200000, 0x00000000a8200000|100%| E|CS|TAMS 0x00000000a8100000| PB 0x00000000a8100000| Complete 
|  92|0x00000000a8200000, 0x00000000a8300000, 0x00000000a8300000|100%| E|CS|TAMS 0x00000000a8200000| PB 0x00000000a8200000| Complete 
|  93|0x00000000a8300000, 0x00000000a8400000, 0x00000000a8400000|100%| E|CS|TAMS 0x00000000a8300000| PB 0x00000000a8300000| Complete 
|  94|0x00000000a8400000, 0x00000000a8500000, 0x00000000a8500000|100%| E|CS|TAMS 0x00000000a8400000| PB 0x00000000a8400000| Complete 
|  95|0x00000000a8500000, 0x00000000a8600000, 0x00000000a8600000|100%| E|CS|TAMS 0x00000000a8500000| PB 0x00000000a8500000| Complete 
|  96|0x00000000a8600000, 0x00000000a8700000, 0x00000000a8700000|100%| E|CS|TAMS 0x00000000a8600000| PB 0x00000000a8600000| Complete 
|  97|0x00000000a8700000, 0x00000000a8800000, 0x00000000a8800000|100%| E|CS|TAMS 0x00000000a8700000| PB 0x00000000a8700000| Complete 
|  98|0x00000000a8800000, 0x00000000a8900000, 0x00000000a8900000|100%| E|CS|TAMS 0x00000000a8800000| PB 0x00000000a8800000| Complete 
|  99|0x00000000a8900000, 0x00000000a8a00000, 0x00000000a8a00000|100%| E|CS|TAMS 0x00000000a8900000| PB 0x00000000a8900000| Complete 
| 100|0x00000000a8a00000, 0x00000000a8b00000, 0x00000000a8b00000|100%| E|CS|TAMS 0x00000000a8a00000| PB 0x00000000a8a00000| Complete 
| 101|0x00000000a8b00000, 0x00000000a8c00000, 0x00000000a8c00000|100%| E|CS|TAMS 0x00000000a8b00000| PB 0x00000000a8b00000| Complete 
| 102|0x00000000a8c00000, 0x00000000a8d00000, 0x00000000a8d00000|100%| E|CS|TAMS 0x00000000a8c00000| PB 0x00000000a8c00000| Complete 
| 103|0x00000000a8d00000, 0x00000000a8e00000, 0x00000000a8e00000|100%| E|CS|TAMS 0x00000000a8d00000| PB 0x00000000a8d00000| Complete 
| 104|0x00000000a8e00000, 0x00000000a8f00000, 0x00000000a8f00000|100%| E|CS|TAMS 0x00000000a8e00000| PB 0x00000000a8e00000| Complete 
| 105|0x00000000a8f00000, 0x00000000a9000000, 0x00000000a9000000|100%| E|CS|TAMS 0x00000000a8f00000| PB 0x00000000a8f00000| Complete 
| 106|0x00000000a9000000, 0x00000000a9100000, 0x00000000a9100000|100%| E|CS|TAMS 0x00000000a9000000| PB 0x00000000a9000000| Complete 

Card table byte_map: [0x000001dcad290000,0x000001dcad580000] _byte_map_base: 0x000001dcacd7d000

Marking Bits: (CMBitMap*) 0x000001dca1839360
 Bits: [0x000001dcad580000, 0x000001dcaece8000)

Polling page: 0x000001dc9f660000

Metaspace:

Usage:
  Non-class:     71.52 MB used.
      Class:     11.31 MB used.
       Both:     82.83 MB used.

Virtual space:
  Non-class space:      128.00 MB reserved,      72.19 MB ( 56%) committed,  2 nodes.
      Class space:        1.00 GB reserved,      11.88 MB (  1%) committed,  1 nodes.
             Both:        1.12 GB reserved,      84.06 MB (  7%) committed. 

Chunk freelists:
   Non-Class:  7.69 MB
       Class:  4.21 MB
        Both:  11.90 MB

MaxMetaspaceSize: unlimited
CompressedClassSpaceSize: 1.00 GB
Initial GC threshold: 21.00 MB
Current GC threshold: 140.00 MB
CDS: on
 - commit_granule_bytes: 65536.
 - commit_granule_words: 8192.
 - virtual_space_node_default_size: 8388608.
 - enlarge_chunks_in_place: 1.
 - use_allocation_guard: 0.


Internal statistics:

num_allocs_failed_limit: 6.
num_arena_births: 2580.
num_arena_deaths: 1594.
num_vsnodes_births: 3.
num_vsnodes_deaths: 0.
num_space_committed: 1346.
num_space_uncommitted: 1.
num_chunks_returned_to_freelist: 2051.
num_chunks_taken_from_freelist: 6916.
num_chunk_merges: 453.
num_chunk_splits: 3830.
num_chunks_enlarged: 2568.
num_inconsistent_stats: 0.

CodeCache: size=49152Kb used=21050Kb max_used=24337Kb free=28101Kb
 bounds [0x000001dca9c70000, 0x000001dcab490000, 0x000001dcacc70000]
 total_blobs=10932 nmethods=10187 adapters=668
 compilation: enabled
              stopped_count=0, restarted_count=0
 full_count=0

Compilation events (20 events):
Event: 5344.592 Thread 0x000001dcb1958700 29659       1       reactor.core.publisher.MonoWhen$WhenCoordinator::deliveredSignals (7 bytes)
Event: 5344.592 Thread 0x000001dcb1958700 nmethod 29659 0x000001dcaae9b810 code [0x000001dcaae9b9a0, 0x000001dcaae9ba58]
Event: 5344.593 Thread 0x000001dcb1958700 29660   !   1       reactor.core.publisher.Mono::subscribe (129 bytes)
Event: 5344.603 Thread 0x000001dcb1958700 nmethod 29660 0x000001dcaa7d3090 code [0x000001dcaa7d3320, 0x000001dcaa7d3b30]
Event: 5344.603 Thread 0x000001dcb1958700 29661       1       reactor.core.publisher.Operators::onLastAssembly (51 bytes)
Event: 5344.605 Thread 0x000001dcb1958700 nmethod 29661 0x000001dcaad9f490 code [0x000001dcaad9f680, 0x000001dcaad9fa48]
Event: 5344.605 Thread 0x000001dcb1958700 29662       1       reactor.core.publisher.Operators::toCoreSubscriber (34 bytes)
Event: 5344.605 Thread 0x000001dcb1958700 nmethod 29662 0x000001dcaa775910 code [0x000001dcaa775ae0, 0x000001dcaa775d68]
Event: 5344.645 Thread 0x000001dcb1958700 29663  s!   1       org.hibernate.service.internal.AbstractServiceRegistryImpl::stopService (39 bytes)
Event: 5344.657 Thread 0x000001dcb1958700 nmethod 29663 0x000001dcaa374710 code [0x000001dcaa374900, 0x000001dcaa374e18]
Event: 5344.662 Thread 0x000001dcb1958700 29664   !   1       com.mysql.cj.jdbc.ConnectionImpl::doClose (436 bytes)
Event: 5344.692 Thread 0x000001dcb1958700 nmethod 29664 0x000001dcaaee2b10 code [0x000001dcaaee30e0, 0x000001dcaaee4f18]
Event: 5344.692 Thread 0x000001dcb1958700 29665   !   1       com.mysql.cj.jdbc.ConnectionImpl::close (110 bytes)
Event: 5344.693 Thread 0x000001dcb1958700 nmethod 29665 0x000001dcaa11d790 code [0x000001dcaa11da00, 0x000001dcaa11e0d0]
Event: 5344.693 Thread 0x000001dcb1958700 29666       1       java.lang.invoke.MemberName::getName (25 bytes)
Event: 5344.693 Thread 0x000001dcb1958700 nmethod 29666 0x000001dcaaeaab90 code [0x000001dcaaeaad40, 0x000001dcaaeaaea8]
Event: 5344.694 Thread 0x000001dcb1958700 29667       1       java.util.ImmutableCollections$AbstractImmutableSet::<init> (5 bytes)
Event: 5344.694 Thread 0x000001dcb1958700 nmethod 29667 0x000001dcaaea2e90 code [0x000001dcaaea3020, 0x000001dcaaea30e8]
Event: 5344.694 Thread 0x000001dcb1958700 29668       1       java.util.logging.Logger::getUseParentHandlers (8 bytes)
Event: 5344.694 Thread 0x000001dcb1958700 nmethod 29668 0x000001dcaaea4810 code [0x000001dcaaea49a0, 0x000001dcaaea4a78]

GC Heap History (20 events):
Event: 2869.036 GC heap after
{Heap after GC invocations=102 (full 17):
 garbage-first heap   total 106496K, used 36703K [0x00000000a2600000, 0x0000000100000000)
  region size 1024K, 3 young (3072K), 3 survivors (3072K)
 Metaspace       used 84337K, committed 85312K, reserved 1179648K
  class space    used 11533K, committed 11968K, reserved 1048576K
}
Event: 3244.532 GC heap before
{Heap before GC invocations=103 (full 17):
 garbage-first heap   total 106496K, used 96095K [0x00000000a2600000, 0x0000000100000000)
  region size 1024K, 61 young (62464K), 3 survivors (3072K)
 Metaspace       used 84337K, committed 85312K, reserved 1179648K
  class space    used 11533K, committed 11968K, reserved 1048576K
}
Event: 3244.591 GC heap after
{Heap after GC invocations=104 (full 17):
 garbage-first heap   total 135168K, used 36753K [0x00000000a2600000, 0x0000000100000000)
  region size 1024K, 3 young (3072K), 3 survivors (3072K)
 Metaspace       used 84337K, committed 85312K, reserved 1179648K
  class space    used 11533K, committed 11968K, reserved 1048576K
}
Event: 5032.982 GC heap before
{Heap before GC invocations=104 (full 17):
 garbage-first heap   total 135168K, used 101265K [0x00000000a2600000, 0x0000000100000000)
  region size 1024K, 67 young (68608K), 3 survivors (3072K)
 Metaspace       used 84340K, committed 85312K, reserved 1179648K
  class space    used 11533K, committed 11968K, reserved 1048576K
}
Event: 5033.473 GC heap after
{Heap after GC invocations=105 (full 18):
 garbage-first heap   total 109568K, used 29753K [0x00000000a2600000, 0x0000000100000000)
  region size 1024K, 0 young (0K), 0 survivors (0K)
 Metaspace       used 84256K, committed 85248K, reserved 1179648K
  class space    used 11517K, committed 11904K, reserved 1048576K
}
Event: 5036.076 GC heap before
{Heap before GC invocations=105 (full 18):
 garbage-first heap   total 109568K, used 95289K [0x00000000a2600000, 0x0000000100000000)
  region size 1024K, 64 young (65536K), 0 survivors (0K)
 Metaspace       used 84545K, committed 85504K, reserved 1179648K
  class space    used 11573K, committed 11968K, reserved 1048576K
}
Event: 5036.086 GC heap after
{Heap after GC invocations=106 (full 18):
 garbage-first heap   total 109568K, used 35982K [0x00000000a2600000, 0x0000000100000000)
  region size 1024K, 7 young (7168K), 7 survivors (7168K)
 Metaspace       used 84545K, committed 85504K, reserved 1179648K
  class space    used 11573K, committed 11968K, reserved 1048576K
}
Event: 5193.598 GC heap before
{Heap before GC invocations=107 (full 18):
 garbage-first heap   total 109568K, used 92302K [0x00000000a2600000, 0x0000000100000000)
  region size 1024K, 62 young (63488K), 7 survivors (7168K)
 Metaspace       used 84990K, committed 86016K, reserved 1179648K
  class space    used 11628K, committed 12096K, reserved 1048576K
}
Event: 5193.716 GC heap after
{Heap after GC invocations=108 (full 18):
 garbage-first heap   total 109568K, used 40460K [0x00000000a2600000, 0x0000000100000000)
  region size 1024K, 6 young (6144K), 6 survivors (6144K)
 Metaspace       used 84990K, committed 86016K, reserved 1179648K
  class space    used 11628K, committed 12096K, reserved 1048576K
}
Event: 5196.089 GC heap before
{Heap before GC invocations=108 (full 18):
 garbage-first heap   total 109568K, used 93708K [0x00000000a2600000, 0x0000000100000000)
  region size 1024K, 58 young (59392K), 6 survivors (6144K)
 Metaspace       used 85000K, committed 86016K, reserved 1179648K
  class space    used 11630K, committed 12096K, reserved 1048576K
}
Event: 5196.102 GC heap after
{Heap after GC invocations=109 (full 18):
 garbage-first heap   total 109568K, used 41245K [0x00000000a2600000, 0x0000000100000000)
  region size 1024K, 1 young (1024K), 1 survivors (1024K)
 Metaspace       used 85000K, committed 86016K, reserved 1179648K
  class space    used 11630K, committed 12096K, reserved 1048576K
}
Event: 5197.581 GC heap before
{Heap before GC invocations=109 (full 18):
 garbage-first heap   total 109568K, used 98589K [0x00000000a2600000, 0x0000000100000000)
  region size 1024K, 57 young (58368K), 1 survivors (1024K)
 Metaspace       used 85000K, committed 86016K, reserved 1179648K
  class space    used 11630K, committed 12096K, reserved 1048576K
}
Event: 5197.593 GC heap after
{Heap after GC invocations=110 (full 18):
 garbage-first heap   total 109568K, used 40526K [0x00000000a2600000, 0x0000000100000000)
  region size 1024K, 1 young (1024K), 1 survivors (1024K)
 Metaspace       used 85000K, committed 86016K, reserved 1179648K
  class space    used 11630K, committed 12096K, reserved 1048576K
}
Event: 5200.803 GC heap before
{Heap before GC invocations=111 (full 18):
 garbage-first heap   total 109568K, used 98894K [0x00000000a2600000, 0x0000000100000000)
  region size 1024K, 58 young (59392K), 1 survivors (1024K)
 Metaspace       used 84758K, committed 86016K, reserved 1179648K
  class space    used 11569K, committed 12096K, reserved 1048576K
}
Event: 5200.805 GC heap after
{Heap after GC invocations=112 (full 18):
 garbage-first heap   total 109568K, used 40418K [0x00000000a2600000, 0x0000000100000000)
  region size 1024K, 1 young (1024K), 1 survivors (1024K)
 Metaspace       used 84758K, committed 86016K, reserved 1179648K
  class space    used 11569K, committed 12096K, reserved 1048576K
}
Event: 5218.247 GC heap before
{Heap before GC invocations=112 (full 18):
 garbage-first heap   total 109568K, used 98786K [0x00000000a2600000, 0x0000000100000000)
  region size 1024K, 58 young (59392K), 1 survivors (1024K)
 Metaspace       used 84795K, committed 86016K, reserved 1179648K
  class space    used 11577K, committed 12096K, reserved 1048576K
}
Event: 5218.280 GC heap after
{Heap after GC invocations=113 (full 18):
 garbage-first heap   total 109568K, used 36929K [0x00000000a2600000, 0x0000000100000000)
  region size 1024K, 1 young (1024K), 1 survivors (1024K)
 Metaspace       used 84795K, committed 86016K, reserved 1179648K
  class space    used 11577K, committed 12096K, reserved 1048576K
}
Event: 5222.316 GC heap before
{Heap before GC invocations=113 (full 18):
 garbage-first heap   total 109568K, used 100417K [0x00000000a2600000, 0x0000000100000000)
  region size 1024K, 63 young (64512K), 1 survivors (1024K)
 Metaspace       used 84795K, committed 86016K, reserved 1179648K
  class space    used 11577K, committed 12096K, reserved 1048576K
}
Event: 5222.329 GC heap after
{Heap after GC invocations=114 (full 18):
 garbage-first heap   total 109568K, used 36953K [0x00000000a2600000, 0x0000000100000000)
  region size 1024K, 1 young (1024K), 1 survivors (1024K)
 Metaspace       used 84795K, committed 86016K, reserved 1179648K
  class space    used 11577K, committed 12096K, reserved 1048576K
}
Event: 5344.989 GC heap before
{Heap before GC invocations=115 (full 18):
 garbage-first heap   total 109568K, used 70745K [0x00000000a2600000, 0x0000000100000000)
  region size 1024K, 35 young (35840K), 1 survivors (1024K)
 Metaspace       used 84822K, committed 86080K, reserved 1179648K
  class space    used 11582K, committed 12160K, reserved 1048576K
}

Dll operation events (10 events):
Event: 0.009 Loaded shared library C:\Users\NBODT\jdk-21.0.7\bin\java.dll
Event: 0.154 Loaded shared library C:\Users\NBODT\jdk-21.0.7\bin\net.dll
Event: 0.160 Loaded shared library C:\Users\NBODT\jdk-21.0.7\bin\nio.dll
Event: 0.168 Loaded shared library C:\Users\NBODT\jdk-21.0.7\bin\zip.dll
Event: 0.366 Loaded shared library C:\Users\NBODT\jdk-21.0.7\bin\jimage.dll
Event: 0.667 Loaded shared library C:\Users\NBODT\jdk-21.0.7\bin\management.dll
Event: 0.672 Loaded shared library C:\Users\NBODT\jdk-21.0.7\bin\management_ext.dll
Event: 1.863 Loaded shared library C:\Users\NBODT\jdk-21.0.7\bin\sunmscapi.dll
Event: 4.793 Loaded shared library C:\Users\NBODT\jdk-21.0.7\bin\verify.dll
Event: 5.168 Loaded shared library C:\Users\NBODT\jdk-21.0.7\bin\extnet.dll

Deoptimization events (2 events):
Event: 3.629 Thread 0x000001dcf76243b0 DEOPT PACKING pc=0x000001dcaa43058c sp=0x0000005dd3ffba80
Event: 3.629 Thread 0x000001dcf76243b0 DEOPT UNPACKING pc=0x000001dca9cc4e42 sp=0x0000005dd3ffaf40 mode 0

Classes loaded (20 events):
Event: 286.432 Loading class java/lang/ref/Finalizer$2
Event: 286.434 Loading class java/lang/ref/Finalizer$2 done
Event: 286.434 Loading class java/lang/ref/Finalizer$1
Event: 286.435 Loading class java/lang/ref/Finalizer$1 done
Event: 287.985 Loading class java/time/DurationEditor
Event: 287.985 Loading class java/time/DurationEditor done
Event: 1200.471 Loading class java/util/concurrent/locks/ReentrantReadWriteLock$Sync$HoldCounter
Event: 1200.477 Loading class java/util/concurrent/locks/ReentrantReadWriteLock$Sync$HoldCounter done
Event: 2223.923 Loading class java/time/DurationEditor
Event: 2223.925 Loading class java/time/DurationEditor done
Event: 5035.819 Loading class java/time/DurationEditor
Event: 5035.822 Loading class java/time/DurationEditor done
Event: 5342.183 Loading class sun/net/ConnectionResetException
Event: 5342.199 Loading class sun/net/ConnectionResetException done
Event: 5343.343 Loading class java/net/BindException
Event: 5343.347 Loading class java/net/BindException done
Event: 5343.377 Loading class java/text/FieldPosition$Delegate
Event: 5343.383 Loading class java/text/FieldPosition$Delegate done
Event: 5343.948 Loading class java/nio/channels/AsynchronousCloseException
Event: 5343.950 Loading class java/nio/channels/AsynchronousCloseException done

Classes unloaded (20 events):
Event: 5197.751 Thread 0x000001dcb1925250 Unloading class 0x000001dcb3b94000 'java/lang/invoke/LambdaForm$MH+0x000001dcb3b94000'
Event: 5197.751 Thread 0x000001dcb1925250 Unloading class 0x000001dcb3b93400 'java/lang/invoke/LambdaForm$MH+0x000001dcb3b93400'
Event: 5197.751 Thread 0x000001dcb1925250 Unloading class 0x000001dcb3b92400 'java/lang/invoke/LambdaForm$MH+0x000001dcb3b92400'
Event: 5197.751 Thread 0x000001dcb1925250 Unloading class 0x000001dcb3b91800 'java/lang/invoke/LambdaForm$MH+0x000001dcb3b91800'
Event: 5197.751 Thread 0x000001dcb1925250 Unloading class 0x000001dcb3b91400 'java/lang/invoke/LambdaForm$MH+0x000001dcb3b91400'
Event: 5197.751 Thread 0x000001dcb1925250 Unloading class 0x000001dcb3b90000 'java/lang/invoke/LambdaForm$MH+0x000001dcb3b90000'
Event: 5197.751 Thread 0x000001dcb1925250 Unloading class 0x000001dcb3b8f800 'java/lang/invoke/LambdaForm$MH+0x000001dcb3b8f800'
Event: 5197.751 Thread 0x000001dcb1925250 Unloading class 0x000001dcb3b8cc00 'java/lang/invoke/LambdaForm$MH+0x000001dcb3b8cc00'
Event: 5197.751 Thread 0x000001dcb1925250 Unloading class 0x000001dcb3b8bc00 'java/lang/invoke/LambdaForm$MH+0x000001dcb3b8bc00'
Event: 5197.751 Thread 0x000001dcb1925250 Unloading class 0x000001dcb3b8b400 'java/lang/invoke/LambdaForm$MH+0x000001dcb3b8b400'
Event: 5197.751 Thread 0x000001dcb1925250 Unloading class 0x000001dcb3b7cc00 'java/lang/invoke/LambdaForm$MH+0x000001dcb3b7cc00'
Event: 5197.751 Thread 0x000001dcb1925250 Unloading class 0x000001dcb3b7c400 'java/lang/invoke/LambdaForm$MH+0x000001dcb3b7c400'
Event: 5197.751 Thread 0x000001dcb1925250 Unloading class 0x000001dcb3ad0800 'java/lang/invoke/LambdaForm$MH+0x000001dcb3ad0800'
Event: 5197.751 Thread 0x000001dcb1925250 Unloading class 0x000001dcb3a2d800 'java/lang/invoke/LambdaForm$MH+0x000001dcb3a2d800'
Event: 5197.751 Thread 0x000001dcb1925250 Unloading class 0x000001dcb3442000 'java/lang/invoke/LambdaForm$MH+0x000001dcb3442000'
Event: 5197.751 Thread 0x000001dcb1925250 Unloading class 0x000001dcb3019400 'java/lang/invoke/LambdaForm$MH+0x000001dcb3019400'
Event: 5197.751 Thread 0x000001dcb1925250 Unloading class 0x000001dcb3834800 'java/lang/invoke/LambdaForm$MH+0x000001dcb3834800'
Event: 5197.751 Thread 0x000001dcb1925250 Unloading class 0x000001dcb39a0800 'java/lang/invoke/LambdaForm$MH+0x000001dcb39a0800'
Event: 5197.751 Thread 0x000001dcb1925250 Unloading class 0x000001dcb3b62000 'java/lang/invoke/LambdaForm$MH+0x000001dcb3b62000'
Event: 5197.751 Thread 0x000001dcb1925250 Unloading class 0x000001dcb3294c00 'java/lang/invoke/LambdaForm$MH+0x000001dcb3294c00'

Classes redefined (0 events):
No events

Internal exceptions (20 events):
Event: 5032.962 Thread 0x000001dcf72a4fc0 Exception <a 'java/lang/InterruptedException'{0x00000000a6a5ba00}: sleep interrupted> (0x00000000a6a5ba00) 
thrown [s\open\src\hotspot\share\prims\jvm.cpp, line 3074]
Event: 5033.800 Thread 0x000001dcf72a5ce0 Exception <a 'sun/nio/fs/WindowsException'{0x00000000a90b2f68}> (0x00000000a90b2f68) 
thrown [s\open\src\hotspot\share\prims\jni.cpp, line 520]
Event: 5035.478 Thread 0x000001dcf72a5ce0 Exception <a 'java/lang/NoClassDefFoundError'{0x00000000a6eda458}: org/flywaydb/core/Flyway> (0x00000000a6eda458) 
thrown [s\open\src\hotspot\share\oops\constantPool.cpp, line 873]
Event: 5035.478 Thread 0x000001dcf72a5ce0 Exception <a 'java/lang/NoClassDefFoundError'{0x00000000a6edaab8}: liquibase/integration/spring/SpringLiquibase> (0x00000000a6edaab8) 
thrown [s\open\src\hotspot\share\oops\constantPool.cpp, line 873]
Event: 5035.480 Thread 0x000001dcf72a5ce0 Exception <a 'java/lang/NoClassDefFoundError'{0x00000000a6d0cf30}: org/jooq/DSLContext> (0x00000000a6d0cf30) 
thrown [s\open\src\hotspot\share\oops\constantPool.cpp, line 873]
Event: 5035.485 Thread 0x000001dcf72a5ce0 Exception <a 'java/lang/NoClassDefFoundError'{0x00000000a6d7a0b0}: org/springframework/batch/core/repository/JobRepository> (0x00000000a6d7a0b0) 
thrown [s\open\src\hotspot\share\oops\constantPool.cpp, line 873]
Event: 5035.485 Thread 0x000001dcf72a5ce0 Exception <a 'java/lang/NoClassDefFoundError'{0x00000000a6d7a708}: org/quartz/Scheduler> (0x00000000a6d7a708) 
thrown [s\open\src\hotspot\share\oops\constantPool.cpp, line 873]
Event: 5035.495 Thread 0x000001dcf72a5ce0 Exception <a 'java/lang/NoSuchMethodError'{0x00000000a6c3da70}: 'void java.lang.invoke.DelegatingMethodHandle$Holder.reinvoke_L(java.lang.Object, java.lang.Object, int)'> (0x00000000a6c3da70) 
thrown [s\open\src\hotspot\share\interpreter\linkResolver.cpp, line 773]
Event: 5035.736 Thread 0x000001dcf72a5ce0 Exception <a 'java/lang/NoSuchMethodError'{0x00000000a638ee60}: 'int java.lang.invoke.DirectMethodHandle$Holder.invokeVirtual(java.lang.Object, java.lang.Object, java.lang.Object, java.lang.Object)'> (0x00000000a638ee60) 
thrown [s\open\src\hotspot\share\interpreter\linkResolver.cpp, line 773]
Event: 5035.736 Thread 0x000001dcf72a5ce0 Exception <a 'java/lang/NoSuchMethodError'{0x00000000a6392438}: 'int java.lang.invoke.DelegatingMethodHandle$Holder.reinvoke_L(java.lang.Object, java.lang.Object, java.lang.Object, java.lang.Object)'> (0x00000000a6392438) 
thrown [s\open\src\hotspot\share\interpreter\linkResolver.cpp, line 773]
Event: 5035.751 Thread 0x000001dcf72a5ce0 Exception <a 'java/io/FileNotFoundException'{0x00000000a63e2480}> (0x00000000a63e2480) 
thrown [s\open\src\hotspot\share\prims\jni.cpp, line 520]
Event: 5035.849 Thread 0x000001dcf72a5ce0 Exception <a 'java/io/FileNotFoundException'{0x00000000a5f12558}> (0x00000000a5f12558) 
thrown [s\open\src\hotspot\share\prims\jni.cpp, line 520]
Event: 5211.739 Thread 0x000001dcf72ab230 Exception <a 'java/lang/NoSuchMethodError'{0x00000000a6e1c868}: static Ljava/lang/Object;.<clinit>()V> (0x00000000a6e1c868) 
thrown [s\open\src\hotspot\share\prims\jni.cpp, line 1111]
Event: 5342.180 Thread 0x000001dcf72a9160 Exception <a 'java/net/SocketException'{0x00000000a72b6ae8}: No buffer space available (maximum connections reached?): select> (0x00000000a72b6ae8) 
thrown [s\open\src\hotspot\share\prims\jni.cpp, line 539]
Event: 5342.784 Thread 0x000001dcf72a6a00 StackOverflowError at 0x000001dca9ea8900
Event: 5342.785 Thread 0x000001dcf72a6a00 Exception <a 'java/lang/StackOverflowError'{0x00000000a70ab658}> (0x00000000a70ab658) 
thrown [s\open\src\hotspot\share\runtime\sharedRuntime.cpp, line 625]
Event: 5343.943 Thread 0x000001dcf8fc8a80 Exception <a 'java/net/SocketException'{0x00000000a6f12ca0}> (0x00000000a6f12ca0) 
thrown [s\open\src\hotspot\share\prims\jni.cpp, line 520]
Event: 5343.946 Thread 0x000001dcf8fc8a80 Exception <a 'java/net/SocketException'{0x00000000a6f13158}> (0x00000000a6f13158) 
thrown [s\open\src\hotspot\share\prims\jni.cpp, line 520]
Event: 5343.947 Thread 0x000001dcfa20adc0 Exception <a 'java/io/IOException'{0x00000000a76bb3a0}> (0x00000000a76bb3a0) 
thrown [s\open\src\hotspot\share\prims\jni.cpp, line 520]
Event: 5344.726 Thread 0x000001dcf72a9e80 Exception <a 'java/lang/InterruptedException'{0x00000000a6fbf500}: sleep interrupted> (0x00000000a6fbf500) 
thrown [s\open\src\hotspot\share\prims\jvm.cpp, line 3074]

ZGC Phase Switch (0 events):
No events

VM Operations (20 events):
Event: 5200.805 Executing VM operation: G1CollectForAllocation (G1 Evacuation Pause) done
Event: 5211.887 Executing VM operation: Cleanup
Event: 5211.887 Executing VM operation: Cleanup done
Event: 5218.245 Executing VM operation: G1CollectForAllocation (G1 Evacuation Pause)
Event: 5218.280 Executing VM operation: G1CollectForAllocation (G1 Evacuation Pause) done
Event: 5222.316 Executing VM operation: G1CollectForAllocation (G1 Evacuation Pause)
Event: 5222.329 Executing VM operation: G1CollectForAllocation (G1 Evacuation Pause) done
Event: 5222.446 Executing VM operation: G1PauseRemark
Event: 5222.495 Executing VM operation: G1PauseRemark done
Event: 5222.506 Executing VM operation: G1PauseCleanup
Event: 5222.506 Executing VM operation: G1PauseCleanup done
Event: 5231.862 Executing VM operation: HandshakeAllThreads (HandshakeForDeflation)
Event: 5231.862 Executing VM operation: HandshakeAllThreads (HandshakeForDeflation) done
Event: 5231.862 Executing VM operation: RendezvousGCThreads
Event: 5231.862 Executing VM operation: RendezvousGCThreads done
Event: 5343.463 Executing VM operation: HandshakeAllThreads (Deoptimize)
Event: 5343.897 Executing VM operation: HandshakeAllThreads (Deoptimize) done
Event: 5343.898 Executing VM operation: Cleanup
Event: 5343.898 Executing VM operation: Cleanup done
Event: 5344.734 Executing VM operation: G1CollectFull (System.gc())

Events (20 events):
Event: 5343.948 Thread 0x000001dcf8fc8a80 Thread exited: 0x000001dcf8fc8a80
Event: 5344.578 Thread 0x000001dcfa20e240 Thread exited: 0x000001dcfa20e240
Event: 5344.584 Thread 0x000001dcf72aa510 Thread exited: 0x000001dcf72aa510
Event: 5344.584 Thread 0x000001dcfa207fd0 Thread exited: 0x000001dcfa207fd0
Event: 5344.584 Thread 0x000001dcf72a97f0 Thread exited: 0x000001dcf72a97f0
Event: 5344.584 Thread 0x000001dcf72ab230 Thread exited: 0x000001dcf72ab230
Event: 5344.584 Thread 0x000001dcfa209a10 Thread exited: 0x000001dcfa209a10
Event: 5344.585 Thread 0x000001dcf72ab8c0 Thread exited: 0x000001dcf72ab8c0
Event: 5344.585 Thread 0x000001dcf72abf50 Thread exited: 0x000001dcf72abf50
Event: 5344.585 Thread 0x000001dcf72aaba0 Thread exited: 0x000001dcf72aaba0
Event: 5344.585 Thread 0x000001dcf72ac5e0 Thread exited: 0x000001dcf72ac5e0
Event: 5344.586 Thread 0x000001dcfa20dbb0 Thread exited: 0x000001dcfa20dbb0
Event: 5344.659 Thread 0x000001dcf8fc8a80 Thread added: 0x000001dcf8fc8a80
Event: 5344.661 Thread 0x000001dcf72a7090 Thread exited: 0x000001dcf72a7090
Event: 5344.675 Thread 0x000001dcf8fcb1e0 Thread added: 0x000001dcf8fcb1e0
Event: 5344.676 Thread 0x000001dcf8fcb1e0 Thread exited: 0x000001dcf8fcb1e0
Event: 5344.676 Thread 0x000001dcf8fc8a80 Thread exited: 0x000001dcf8fc8a80
Event: 5344.726 Thread 0x000001dcf72a4fc0 Thread exited: 0x000001dcf72a4fc0
Event: 5344.726 Thread 0x000001dcf72a5650 Thread exited: 0x000001dcf72a5650
Event: 5344.727 Thread 0x000001dcf72a9e80 Thread exited: 0x000001dcf72a9e80


Dynamic libraries:
0x00007ff6f3400000 - 0x00007ff6f3410000 	C:\Users\NBODT\jdk-21.0.7\bin\java.exe
0x00007ffbb4500000 - 0x00007ffbb4760000 	C:\WINDOWS\SYSTEM32\ntdll.dll
0x00007ffbb3340000 - 0x00007ffbb3407000 	C:\WINDOWS\System32\KERNEL32.DLL
0x00007ffbb1f30000 - 0x00007ffbb22fa000 	C:\WINDOWS\System32\KERNELBASE.dll
0x00007ffbb1d00000 - 0x00007ffbb1e4b000 	C:\WINDOWS\System32\ucrtbase.dll
0x00007ffba64c0000 - 0x00007ffba64d9000 	C:\Users\NBODT\jdk-21.0.7\bin\jli.dll
0x00007ffba64e0000 - 0x00007ffba64fb000 	C:\Users\NBODT\jdk-21.0.7\bin\VCRUNTIME140.dll
0x00007ffbb2e10000 - 0x00007ffbb2ec2000 	C:\WINDOWS\System32\ADVAPI32.dll
0x00007ffbb30c0000 - 0x00007ffbb3169000 	C:\WINDOWS\System32\msvcrt.dll
0x00007ffbb2f90000 - 0x00007ffbb3036000 	C:\WINDOWS\System32\sechost.dll
0x00007ffbb35d0000 - 0x00007ffbb36e6000 	C:\WINDOWS\System32\RPCRT4.dll
0x00007ffbb26c0000 - 0x00007ffbb288c000 	C:\WINDOWS\System32\USER32.dll
0x00007ffb9dd90000 - 0x00007ffb9e027000 	C:\WINDOWS\WinSxS\amd64_microsoft.windows.common-controls_6595b64144ccf1df_6.0.26100.3624_none_3e086962e3345f24\COMCTL32.dll
0x00007ffbb1f00000 - 0x00007ffbb1f27000 	C:\WINDOWS\System32\win32u.dll
0x00007ffbb2690000 - 0x00007ffbb26ba000 	C:\WINDOWS\System32\GDI32.dll
0x00007ffbb1b00000 - 0x00007ffbb1c31000 	C:\WINDOWS\System32\gdi32full.dll
0x00007ffbb1e50000 - 0x00007ffbb1ef3000 	C:\WINDOWS\System32\msvcp_win.dll
0x00007ffba97a0000 - 0x00007ffba97ab000 	C:\WINDOWS\SYSTEM32\VERSION.dll
0x00007ffbb2f50000 - 0x00007ffbb2f7f000 	C:\WINDOWS\System32\IMM32.DLL
0x00007ffbae620000 - 0x00007ffbae62c000 	C:\Users\NBODT\jdk-21.0.7\bin\vcruntime140_1.dll
0x00007ffb68dc0000 - 0x00007ffb68e4e000 	C:\Users\NBODT\jdk-21.0.7\bin\msvcp140.dll
0x00007ffad6490000 - 0x00007ffad71aa000 	C:\Users\NBODT\jdk-21.0.7\bin\server\jvm.dll
0x00007ffbb2ed0000 - 0x00007ffbb2f44000 	C:\WINDOWS\System32\WS2_32.dll
0x00007ffbb1530000 - 0x00007ffbb158e000 	C:\WINDOWS\SYSTEM32\POWRPROF.dll
0x00007ffba8a20000 - 0x00007ffba8a56000 	C:\WINDOWS\SYSTEM32\WINMM.dll
0x00007ffbb1510000 - 0x00007ffbb1524000 	C:\WINDOWS\SYSTEM32\UMPDC.dll
0x00007ffbb0480000 - 0x00007ffbb049a000 	C:\WINDOWS\SYSTEM32\kernel.appcore.dll
0x00007ffbac750000 - 0x00007ffbac75a000 	C:\Users\NBODT\jdk-21.0.7\bin\jimage.dll
0x00007ffbab2f0000 - 0x00007ffbab531000 	C:\WINDOWS\SYSTEM32\DBGHELP.DLL
0x00007ffbb2300000 - 0x00007ffbb2682000 	C:\WINDOWS\System32\combase.dll
0x00007ffbb4180000 - 0x00007ffbb4256000 	C:\WINDOWS\System32\OLEAUT32.dll
0x00007ffb8f330000 - 0x00007ffb8f369000 	C:\WINDOWS\SYSTEM32\dbgcore.DLL
0x00007ffbb1850000 - 0x00007ffbb18e9000 	C:\WINDOWS\System32\bcryptPrimitives.dll
0x00007ffba64a0000 - 0x00007ffba64bf000 	C:\Users\NBODT\jdk-21.0.7\bin\java.dll
0x00007ffbb3880000 - 0x00007ffbb3fa9000 	C:\WINDOWS\System32\SHELL32.dll
0x00007ffbb16e0000 - 0x00007ffbb1848000 	C:\WINDOWS\System32\wintypes.dll
0x00007ffbaf310000 - 0x00007ffbafb62000 	C:\WINDOWS\SYSTEM32\windows.storage.dll
0x00007ffbb34e0000 - 0x00007ffbb35cd000 	C:\WINDOWS\System32\SHCORE.dll
0x00007ffbb4450000 - 0x00007ffbb44b4000 	C:\WINDOWS\System32\shlwapi.dll
0x00007ffbb15f0000 - 0x00007ffbb161f000 	C:\WINDOWS\SYSTEM32\profapi.dll
0x00007ffb7efb0000 - 0x00007ffb7efc0000 	C:\Users\NBODT\jdk-21.0.7\bin\net.dll
0x00007ffba9f70000 - 0x00007ffbaa08d000 	C:\WINDOWS\SYSTEM32\WINHTTP.dll
0x00007ffbb0980000 - 0x00007ffbb09ea000 	C:\WINDOWS\system32\mswsock.dll
0x00007ffb7afd0000 - 0x00007ffb7afe6000 	C:\Users\NBODT\jdk-21.0.7\bin\nio.dll
0x00007ffb7afb0000 - 0x00007ffb7afc8000 	C:\Users\NBODT\jdk-21.0.7\bin\zip.dll
0x00007ffb7da00000 - 0x00007ffb7da0a000 	C:\Users\NBODT\jdk-21.0.7\bin\management.dll
0x00007ffb7c760000 - 0x00007ffb7c76b000 	C:\Users\NBODT\jdk-21.0.7\bin\management_ext.dll
0x00007ffbb4010000 - 0x00007ffbb4018000 	C:\WINDOWS\System32\PSAPI.DLL
0x00007ffb7c700000 - 0x00007ffb7c70e000 	C:\Users\NBODT\jdk-21.0.7\bin\sunmscapi.dll
0x00007ffbb1980000 - 0x00007ffbb1af7000 	C:\WINDOWS\System32\CRYPT32.dll
0x00007ffbb0e00000 - 0x00007ffbb0e30000 	C:\WINDOWS\SYSTEM32\ncrypt.dll
0x00007ffbb0db0000 - 0x00007ffbb0def000 	C:\WINDOWS\SYSTEM32\NTASN1.dll
0x00007ffbb0cc0000 - 0x00007ffbb0cdc000 	C:\WINDOWS\SYSTEM32\CRYPTSP.dll
0x00007ffbb03e0000 - 0x00007ffbb041a000 	C:\WINDOWS\system32\rsaenh.dll
0x00007ffbb0a20000 - 0x00007ffbb0a4b000 	C:\WINDOWS\SYSTEM32\USERENV.dll
0x00007ffbb15c0000 - 0x00007ffbb15e6000 	C:\WINDOWS\SYSTEM32\bcrypt.dll
0x00007ffbb0ca0000 - 0x00007ffbb0cac000 	C:\WINDOWS\SYSTEM32\CRYPTBASE.dll
0x00007ffbafee0000 - 0x00007ffbaff13000 	C:\WINDOWS\SYSTEM32\IPHLPAPI.DLL
0x00007ffbb36f0000 - 0x00007ffbb36fa000 	C:\WINDOWS\System32\NSI.dll
0x00007ffb7db70000 - 0x00007ffb7db80000 	C:\Users\NBODT\jdk-21.0.7\bin\verify.dll
0x00007ffbaff80000 - 0x00007ffbb00a5000 	C:\WINDOWS\SYSTEM32\DNSAPI.dll
0x00007ffba97b0000 - 0x00007ffba97bb000 	C:\Windows\System32\rasadhlp.dll
0x00007ffbab260000 - 0x00007ffbab2e5000 	C:\WINDOWS\System32\fwpuclnt.dll
0x00007ffb7baa0000 - 0x00007ffb7baa9000 	C:\Users\NBODT\jdk-21.0.7\bin\extnet.dll
0x00007ffb948c0000 - 0x00007ffb948c8000 	C:\WINDOWS\system32\wshunix.dll

dbghelp: loaded successfully - version: 4.0.5 - missing functions: none
symbol engine: initialized successfully - sym options: 0x614 - pdb path: .;C:\Users\NBODT\jdk-21.0.7\bin;C:\WINDOWS\SYSTEM32;C:\WINDOWS\WinSxS\amd64_microsoft.windows.common-controls_6595b64144ccf1df_6.0.26100.3624_none_3e086962e3345f24;C:\Users\NBODT\jdk-21.0.7\bin\server

VM Arguments:
jvm_args: -XX:TieredStopAtLevel=1 
java_command: com.example.project.ProjectApplication
java_class_path (initial): C:\Users\NBODT\Documents\GitHub\Lib_Dent_Project\project\target\classes;C:\Users\NBODT\.m2\repository\org\springframework\security\spring-security-config\6.4.5\spring-security-config-6.4.5.jar;C:\Users\NBODT\.m2\repository\org\springframework\security\spring-security-core\6.4.5\spring-security-core-6.4.5.jar;C:\Users\NBODT\.m2\repository\org\springframework\security\spring-security-crypto\6.4.5\spring-security-crypto-6.4.5.jar;C:\Users\NBODT\.m2\repository\org\springframework\spring-expression\6.2.6\spring-expression-6.2.6.jar;C:\Users\NBODT\.m2\repository\io\micrometer\micrometer-observation\1.14.6\micrometer-observation-1.14.6.jar;C:\Users\NBODT\.m2\repository\io\micrometer\micrometer-commons\1.14.6\micrometer-commons-1.14.6.jar;C:\Users\NBODT\.m2\repository\org\springframework\spring-aop\6.2.6\spring-aop-6.2.6.jar;C:\Users\NBODT\.m2\repository\org\springframework\spring-beans\6.2.6\spring-beans-6.2.6.jar;C:\Users\NBODT\.m2\repository\org\springframework\spring-context\6.2.6\spring-context-6.2.6.jar;C:\Users\NBODT\.m2\repository\org\springframework\spring-core\6.2.6\spring-core-6.2.6.jar;C:\Users\NBODT\.m2\repository\org\springframework\session\spring-session-core\3.4.3\spring-session-core-3.4.3.jar;C:\Users\NBODT\.m2\repository\org\springframework\spring-jcl\6.2.6\spring-jcl-6.2.6.jar;C:\Users\NBODT\.m2\repository\org\springframework\session\spring-session-jdbc\3.4.3\spring-session-jdbc-3.4.3.jar;C:\Users\NBODT\.m2\repository\org\springframework\spring-jdbc\6.2.6\spring-jdbc-6.2.6.jar;C:\Users\NBODT\.m2\repository\org\springframework\spring-tx\6.2.6\spring-tx-6.2.6.jar;C:\Users\NBODT\.m2\repository\ch\qos\logback\logback-classic\1.5.18\logback-classic-1.5.18.jar;C:\Users\NBODT\.m2\repository\ch\qos\logback\logback-core\1.5.18\logback-core-1.5.18.jar;C:\Users\NBODT\.m2\repository\org\apache\logging\log4j\log4j-to-slf4j\2.24.3\log4j-to-slf4j-2.24.3.jar;C:\Users\NBODT\.m2\repository\org\slf4j\jul-to-slf4j\2.0.17\jul-to-slf4j-2.0.17.jar;C:\Users\NBODT\.m2\repository\jakarta\annotation\jakarta.annotation-api\2.1.1\jakarta.annotation-api-2.1.1.jar;C:\Users\NBODT\.m2\repository\org\yaml\snakeyaml\2.3\snakeyaml-2.3.jar;C:\Users\NBODT\.m2\repository\org\springframework\security\spring-security-web\6.4.5\spring-security-web-6.4.5.jar;C:\Users\NBODT\.m2\repository\com\zaxxer\HikariCP\5.1.0\HikariCP-5.1.0.jar;C:\Users\NBODT\.m2\repository\org\hibernate\orm\hibernate-core\6.6.13.Final\hibernate-core-6.6.13.Final.jar;C:\Users\NBODT\.m2\repository\jakarta\persistence\jakarta.persistence-api\3.1.0\jakarta.persistence-api-3.1.0.jar;C:\Users\NBODT\.m2\repository\jakarta\transaction\jakarta.transaction-api\2.0.1\jakarta.transaction-api-2.0.1.jar;C:\Users\NBODT\.m2\repository\org\jboss\logging\jboss-logging\3.6.1.Final\jboss-logging-3.6.1.Final.jar;C:\Users\NBODT\.m2\repository\org\hibernate\common\hibernate-commons-annotations\7.0.3.Final\hibernate-commons-annotations-7.0.3.Final.jar;C:\Users\NBODT\.m2\repository\io\smallrye\jandex\3.2.0\jandex-3.2.0.jar;C:\Users\NBODT\.m2\repository\com\fasterxml\classmate\1.7.0\classmate-1.7.0.jar;C:\Users\NBODT\.m2\repository\net\bytebuddy\byte-buddy\1.15.11\byte-buddy-1.15.11.jar;C:\Users\NBODT\.m2\repository\org\glassfish\jaxb\jaxb-runtime\4.0.5\jaxb-runtime-4.0.5.jar;C:\Users\NBODT\.m2\repository\org\glassfish\jaxb\jaxb-core\4.0.5\jaxb-core-4.0.5.jar;C:\Users\NBODT\.m2\repository\org\eclipse\angus\angus-activation\2.0.2\angus-activation-2.0.2.jar;C:\Users\NBODT\.m2\repository\org\glassfish\jaxb\txw2\4.0.5\txw2-4.0.5.jar;C:\Users\NBODT\.m2\repository\com\sun\istack\istack-commons-runtime\4.1.2\istack-commons-runtime-4.1.2.jar;C:\Users\NBODT\.m2\repository\jakarta\inject\jakarta.inject-api\2.0.1\jakarta.inject-api-2.0.1.jar;C:\Users\NBODT\.m2\repository\org\antlr\antlr4-runtime\4.13.0\antlr4-runtime-4.13.0.jar;C:\Users\NBODT\.m2\repository\org\springframework\data\spring-data-jpa\3.4.5\spring-data-jpa-3.4.5.jar;C:\Users\NBODT\.m2\repository\org\springframework\data\spring-data-commons\3.4.5\spring-data-commons-3.4.5.jar;C:\Users\NBODT\.m2\repository\org\springframework\spring-orm\6.2.6\spring-orm-6.2.6.jar;C:\Users\NBODT\.m2\repository\org\slf4j\slf4j-api\2.0.17\slf4j-api-2.0.17.jar;C:\Users\NBODT\.m2\repository\org\springframework\spring-aspects\6.2.6\spring-aspects-6.2.6.jar;C:\Users\NBODT\.m2\repository\org\aspectj\aspectjweaver\1.9.24\aspectjweaver-1.9.24.jar;C:\Users\NBODT\.m2\repository\org\thymeleaf\thymeleaf-spring6\3.1.3.RELEASE\thymeleaf-spring6-3.1.3.RELEASE.jar;C:\Users\NBODT\.m2\repository\org\thymeleaf\thymeleaf\3.1.3.RELEASE\thymeleaf-3.1.3.RELEASE.jar;C:\Users\NBODT\.m2\repository\org\attoparser\attoparser\2.0.7.RELEASE\attoparser-2.0.7.RELEASE.jar;C:\Users\NBODT\.m2\repository\org\unbescape\unbescape\1.1.6.RELEASE\unbescape-1.1.6.RELEASE.jar;C:\Users\NBODT\.m2\repository\com\fasterxml\jackson\core\jackson-databind\2.18.3\jackson-databind-2.18.3.jar;C:\Users\NBODT\.m2\repository\com\fasterxml\jackson\core\jackson-annotations\2.18.3\jackson-annotations-2.18.3.jar;C:\Users\NBODT\.m2\repository\com\fasterxml\jackson\core\jackson-core\2.18.3\jackson-core-2.18.3.jar;C:\Users\NBODT\.m2\repository\com\fasterxml\jackson\datatype\jackson-datatype-jdk8\2.18.3\jackson-datatype-jdk8-2.18.3.jar;C:\Users\NBODT\.m2\repository\com\fasterxml\jackson\datatype\jackson-datatype-jsr310\2.18.3\jackson-datatype-jsr310-2.18.3.jar;C:\Users\NBODT\.m2\repository\com\fasterxml\jackson\module\jackson-module-parameter-names\2.18.3\jackson-module-parameter-names-2.18.3.jar;C:\Users\NBODT\.m2\repository\org\apache\tomcat\embed\tomcat-embed-core\10.1.40\tomcat-embed-core-10.1.40.jar;C:\Users\NBODT\.m2\repository\org\apache\tomcat\embed\tomcat-embed-el\10.1.40\tomcat-embed-el-10.1.40.jar;C:\Users\NBODT\.m2\repository\org\apache\tomcat\embed\tomcat-embed-websocket\10.1.40\tomcat-embed-websocket-10.1.40.jar;C:\Users\NBODT\.m2\repository\org\springframework\spring-web\6.2.6\spring-web-6.2.6.jar;C:\Users\NBODT\.m2\repository\org\springframework\spring-webmvc\6.2.6\spring-webmvc-6.2.6.jar;C:\Users\NBODT\.m2\repository\io\projectreactor\netty\reactor-netty-http\1.2.5\reactor-netty-http-1.2.5.jar;C:\Users\NBODT\.m2\repository\io\netty\netty-codec-http\4.1.119.Final\netty-codec-http-4.1.119.Final.jar;C:\Users\NBODT\.m2\repository\io\netty\netty-common\4.1.119.Final\netty-common-4.1.119.Final.jar;C:\Users\NBODT\.m2\repository\io\netty\netty-buffer\4.1.119.Final\netty-buffer-4.1.119.Final.jar;C:\Users\NBODT\.m2\repository\io\netty\netty-transport\4.1.119.Final\netty-transport-4.1.119.Final.jar;C:\Users\NBODT\.m2\repository\io\netty\netty-codec\4.1.119.Final\netty-codec-4.1.119.Final.jar;C:\Users\NBODT\.m2\repository\io\netty\netty-handler\4.1.119.Final\netty-handler-4.1.119.Final.jar;C:\Users\NBODT\.m2\repository\io\netty\netty-codec-http2\4.1.119.Final\netty-codec-http2-4.1.119.Final.jar;C:\Users\NBODT\.m2\repository\io\netty\netty-resolver-dns\4.1.119.Final\netty-resolver-dns-4.1.119.Final.jar;C:\Users\NBODT\.m2\repository\io\netty\netty-resolver\4.1.119.Final\netty-resolver-4.1.119.Final.jar;C:\Users\NBODT\.m2\repository\io\netty\netty-codec-dns\4.1.119.Final\netty-codec-dns-4.1.119.Final.jar;C:\Users\NBODT\.m2\repository\io\netty\netty-resolver-dns-native-macos\4.1.119.Final\netty-resolver-dns-native-macos-4.1.119.Final-osx-x86_64.jar;C:\Users\NBODT\.m2\repository\io\netty\netty-resolver-dns-classes-macos\4.1.119.Final\netty-resolver-dns-classes-macos-4.1.119.Final.jar;C:\Users\NBODT\.m2\repository\io\netty\netty-transport-native-epoll\4.1.119.Final\netty-transport-native-epoll-4.1.119.Final-linux-x86_64.jar;C:\Users\NBODT\.m2\repository\io\netty\netty-transport-native-unix-common\4.1.119.Final\netty-transport-native-unix-common-4.1.119.Final.jar;C:\Users\NBODT\.m2\repository\io\netty\netty-transport-classes-epoll\4.1.119.Final\netty-transport-classes-epoll-4.1.119.Final.jar;C:\Users\NBODT\.m2\repository\io\projectreactor\netty\reactor-netty-core\1.2.5\reactor-netty-core-1.2.5.jar;C:\Users\NBODT\.m2\repository\io\netty\netty-handler-proxy\4.1.119.Final\netty-handler-proxy-4.1.119.Final.jar;C:\Users\NBODT\.m2\repository\io\netty\netty-codec-socks\4.1.119.Final\netty-codec-socks-4.1.119.Final.jar;C:\Users\NBODT\.m2\repository\org\springframework\spring-webflux\6.2.6\spring-webflux-6.2.6.jar;C:\Users\NBODT\.m2\repository\org\springframework\boot\spring-boot-devtools\3.4.5\spring-boot-devtools-3.4.5.jar;C:\Users\NBODT\.m2\repository\org\springframework\boot\spring-boot\3.4.5\spring-boot-3.4.5.jar;C:\Users\NBODT\.m2\repository\org\springframework\boot\spring-boot-autoconfigure\3.4.5\spring-boot-autoconfigure-3.4.5.jar;C:\Users\NBODT\.m2\repository\com\h2database\h2\2.3.232\h2-2.3.232.jar;C:\Users\NBODT\.m2\repository\com\mysql\mysql-connector-j\9.1.0\mysql-connector-j-9.1.0.jar;C:\Users\NBODT\.m2\repository\jakarta\xml\bind\jakarta.xml.bind-api\4.0.2\jakarta.xml.bind-api-4.0.2.jar;C:\Users\NBODT\.m2\repository\jakarta\activation\jakarta.activation-api\2.1.3\jakarta.activation-api-2.1.3.jar;C:\Users\NBODT\.m2\repository\io\projectreactor\reactor-core\3.7.5\reactor-core-3.7.5.jar;C:\Users\NBODT\.m2\repository\org\reactivestreams\reactive-streams\1.0.4\reactive-streams-1.0.4.jar;C:\Users\NBODT\.m2\repository\org\apache\poi\poi-ooxml\5.2.3\poi-ooxml-5.2.3.jar;C:\Users\NBODT\.m2\repository\org\apache\poi\poi\5.2.3\poi-5.2.3.jar;C:\Users\NBODT\.m2\repository\commons-codec\commons-codec\1.17.2\commons-codec-1.17.2.jar;C:\Users\NBODT\.m2\repository\org\apache\commons\commons-math3\3.6.1\commons-math3-3.6.1.jar;C:\Users\NBODT\.m2\repository\com\zaxxer\SparseBitSet\1.2\SparseBitSet-1.2.jar;C:\Users\NBODT\.m2\repository\org\apache\poi\poi-ooxml-lite\5.2.3\poi-ooxml-lite-5.2.3.jar;C:\Users\NBODT\.m2\repository\org\apache\xmlbeans\xmlbeans\5.1.1\xmlbeans-5.1.1.jar;C:\Users\NBODT\.m2\repository\org\apache\commons\commons-compress\1.21\commons-compress-1.21.jar;C:\Users\NBODT\.m2\repository\commons-io\commons-io\2.11.0\commons-io-2.11.0.jar;C:\Users\NBODT\.m2\repository\com\github\virtuald\curvesapi\1.07\curvesapi-1.07.jar;C:\Users\NBODT\.m2\repository\org\apache\logging\log4j\log4j-api\2.24.3\log4j-api-2.24.3.jar;C:\Users\NBODT\.m2\repository\org\apache\commons\commons-collections4\4.4\commons-collections4-4.4.jar;C:\Users\NBODT\.m2\repository\org\jsoup\jsoup\1.17.2\jsoup-1.17.2.jar
Launcher Type: SUN_STANDARD

[Global flags]
     intx CICompilerCount                          = 4                                         {product} {ergonomic}
     uint ConcGCThreads                            = 3                                         {product} {ergonomic}
     uint G1ConcRefinementThreads                  = 10                                        {product} {ergonomic}
   size_t G1HeapRegionSize                         = 1048576                                   {product} {ergonomic}
    uintx GCDrainStackTargetSize                   = 64                                        {product} {ergonomic}
   size_t InitialHeapSize                          = 98566144                                  {product} {ergonomic}
   size_t MarkStackSize                            = 4194304                                   {product} {ergonomic}
   size_t MaxHeapSize                              = 1570766848                                {product} {ergonomic}
   size_t MaxNewSize                               = 941621248                                 {product} {ergonomic}
   size_t MinHeapDeltaBytes                        = 1048576                                   {product} {ergonomic}
   size_t MinHeapSize                              = 8388608                                   {product} {ergonomic}
    uintx NonNMethodCodeHeapSize                   = 4096                                   {pd product} {ergonomic}
    uintx NonProfiledCodeHeapSize                  = 0                                      {pd product} {ergonomic}
     bool ProfileInterpreter                       = false                                  {pd product} {command line}
    uintx ProfiledCodeHeapSize                     = 0                                      {pd product} {ergonomic}
   size_t SoftMaxHeapSize                          = 1570766848                             {manageable} {ergonomic}
     intx TieredStopAtLevel                        = 1                                         {product} {command line}
     bool UseCompressedOops                        = true                           {product lp64_product} {ergonomic}
     bool UseG1GC                                  = true                                      {product} {ergonomic}
     bool UseLargePagesIndividualAllocation        = false                                  {pd product} {ergonomic}

Logging:
Log output configuration:
 #0: stdout all=warning uptime,level,tags foldmultilines=false
 #1: stderr all=off uptime,level,tags foldmultilines=false

Environment Variables:
JAVA_HOME=C:\Users\NBODT\jdk-21.0.7
PATH=C:\Python313\Scripts\;C:\Python313\;C:\WINDOWS\system32;C:\WINDOWS;C:\WINDOWS\System32\Wbem;C:\WINDOWS\System32\WindowsPowerShell\v1.0\;C:\WINDOWS\System32\OpenSSH\;C:\Program Files\Git\cmd;C:\Users\NBODT\jdk-21.0.7\bin;C:\Users\NBODT\apache-maven-3.9.9\bin;C:\Program Files\nodejs\;C:\ProgramData\chocolatey\bin;C:\Users\NBODT\AppData\Local\Microsoft\WindowsApps;C:\Users\NBODT\AppData\Local\Programs\Microsoft VS Code\bin;C:\Users\NBODT\AppData\Local\GitHubDesktop\bin;C:\Users\NBODT\apache-maven-3.9.9\bin;C:\Users\NBODT\AppData\Roaming\npm;
USERNAME=NBODTKKU
LANG=en_US.UTF-8
OS=Windows_NT
PROCESSOR_IDENTIFIER=AMD64 Family 25 Model 80 Stepping 0, AuthenticAMD
TMP=C:\Users\NBODT\AppData\Local\Temp
TEMP=C:\Users\NBODT\AppData\Local\Temp




Periodic native trim disabled

---------------  S Y S T E M  ---------------

OS:
 Windows 11 , 64 bit Build 26100 (10.0.26100.3775)
OS uptime: 2 days 6:06 hours
Hyper-V role detected

CPU: total 12 (initial active 12) (12 cores per cpu, 2 threads per core) family 25 model 80 stepping 0 microcode 0xa50000f, cx8, cmov, fxsr, ht, mmx, 3dnowpref, sse, sse2, sse3, ssse3, sse4a, sse4.1, sse4.2, popcnt, lzcnt, tsc, tscinvbit, avx, avx2, aes, erms, clmul, bmi1, bmi2, adx, sha, fma, vzeroupper, clflush, clflushopt, hv, rdtscp, rdpid, fsrm, f16c, cet_ss
Processor Information for all 12 processors :
  Max Mhz: 2000, Current Mhz: 2000, Mhz Limit: 2000

Memory: 4k page, system-wide physical 5985M (436M free)
TotalPageFile size 24417M (AvailPageFile size 0M)
current process WorkingSet (physical memory assigned to process): 71M, peak: 282M
current process commit charge ("private bytes"): 356M, peak: 397M

vm_info: Java HotSpot(TM) 64-Bit Server VM (21.0.7+8-LTS-245) for windows-amd64 JRE (21.0.7+8-LTS-245), built on 2025-02-21T05:11:27Z by "mach5one" with MS VC++ 17.6 (VS2022)

END.
